<?xml version="1.0" encoding="UTF-8"?>
<!-- Generated by org.testng.reporters.JUnitReportReporter -->
<testsuite hostname="DESKTOP-9CPBSUT" failures="0" tests="1" name="com.section3.DemoTestng" time="0.009" errors="0" timestamp="2023-02-03T13:38:44 IST" skipped="0">
  <testcase classname="com.section3.DemoTestng" name="check" time="0.009"/>
  <system-out/>
</testsuite> <!-- com.section3.DemoTestng -->
