<?xml version="1.0" encoding="UTF-8"?>
<!-- Generated by org.testng.reporters.JUnitReportReporter -->
<testsuite hostname="DESKTOP-9CPBSUT" failures="0" tests="1" name="automation.testscript.FetchTitle" time="16.965" errors="0" timestamp="2023-02-02T13:05:30 IST" skipped="0">
  <testcase classname="automation.testscript.FetchTitle" name="title" time="16.965"/>
  <system-out/>
</testsuite> <!-- automation.testscript.FetchTitle -->
