<?xml version="1.0" encoding="UTF-8"?>
<!-- Generated by org.testng.reporters.JUnitReportReporter -->
<testsuite hostname="DESKTOP-9CPBSUT" failures="0" tests="4" name="com.section3.Parameterization" time="45.857" errors="0" timestamp="2023-02-04T13:03:02 IST" skipped="0">
  <testcase classname="com.section3.Parameterization" name="login" time="9.820"/>
  <system-out/>
  <testcase classname="com.section3.Parameterization" name="login" time="13.779"/>
  <system-out/>
  <testcase classname="com.section3.Parameterization" name="login" time="10.495"/>
  <system-out/>
  <testcase classname="com.section3.Parameterization" name="login" time="11.763"/>
  <system-out/>
</testsuite> <!-- com.section3.Parameterization -->
