<?xml version="1.0" encoding="UTF-8"?>
<!-- Generated by org.testng.reporters.JUnitReportReporter -->
<testsuite hostname="DESKTOP-9CPBSUT" failures="0" tests="1" name="automation.testscript.Demo" time="11.523" errors="0" timestamp="2023-02-01T17:43:58 IST" skipped="0">
  <testcase classname="automation.testscript.Demo" name="dd" time="11.523"/>
  <system-out/>
</testsuite> <!-- automation.testscript.Demo -->
