<?xml version="1.0" encoding="UTF-8"?>
<!-- Generated by org.testng.reporters.JUnitReportReporter -->
<testsuite hostname="DESKTOP-9CPBSUT" failures="0" tests="1" name="automation.testscript.CreateCustomer" time="16.740" errors="0" timestamp="2023-02-02T13:05:30 IST" skipped="0">
  <testcase classname="automation.testscript.CreateCustomer" name="customerCreation" time="16.740"/>
  <system-out/>
</testsuite> <!-- automation.testscript.CreateCustomer -->
